0 info it worked if it ends with ok
1 verbose cli [ '/usr/bin/node',
1 verbose cli   '/usr/bin/npm',
1 verbose cli   'install',
1 verbose cli   'react',
1 verbose cli   'react-dom',
1 verbose cli   'react-notifications',
1 verbose cli   '--save' ]
2 info using npm@3.5.2
3 info using node@v8.10.0
4 silly loadCurrentTree Starting
5 silly install loadCurrentTree
6 silly install readLocalPackageData
7 silly rollbackFailedOptional Starting
8 silly rollbackFailedOptional Finishing
9 silly runTopLevelLifecycles Starting
10 silly runTopLevelLifecycles Finishing
11 silly install printInstalled
12 verbose stack Error: ELOOP: too many symbolic links encountered, stat '/home/nick/my-webstack/shouldbehiring.me.docker/shouldbehiring.me/node_modules/node_modules'
13 verbose cwd /home/nick/my-webstack/shouldbehiring.me.docker/shouldbehiring.me/src
14 error Linux 4.15.0-20-generic
15 error argv "/usr/bin/node" "/usr/bin/npm" "install" "react" "react-dom" "react-notifications" "--save"
16 error node v8.10.0
17 error npm  v3.5.2
18 error path /home/nick/my-webstack/shouldbehiring.me.docker/shouldbehiring.me/node_modules/node_modules
19 error code ELOOP
20 error errno -40
21 error syscall stat
22 error ELOOP: too many symbolic links encountered, stat '/home/nick/my-webstack/shouldbehiring.me.docker/shouldbehiring.me/node_modules/node_modules'
23 error If you need help, you may report this error at:
23 error     <https://github.com/npm/npm/issues>
24 verbose exit [ -40, true ]
